
2015-07-26.20:29:43
Begin swap overwrite

2015-07-26.20:29:43
Swap overwrite complete

2015-07-26.20:29:43
Begin udat overwrite

2015-07-26.20:29:43
Udat overwrite complete

2015-07-26.20:30:49
Begin swap overwrite

2015-07-26.20:30:49
Swap overwrite complete

2015-07-26.20:30:49
Begin udat overwrite

2015-07-26.20:30:49
Udat overwrite complete

2015-07-26.20:31:27
Begin swap overwrite

2015-07-26.20:31:27
Swap overwrite complete

2015-07-26.20:31:27
Begin udat overwrite

2015-07-26.20:31:27
Udat overwrite complete
